<?xml version="1.0" encoding="UTF-8"?>
<testsuite xmlns:xsi="http://www.w3.org/2001/XMLSchema-instance" xsi:noNamespaceSchemaLocation="https://maven.apache.org/surefire/maven-surefire-plugin/xsd/surefire-test-report-3.0.xsd" version="3.0" name="com.example.beam.AppTest" time="0.016" tests="1" errors="0" skipped="0" failures="0">
  <properties>
    <property name="java.specification.version" value="17"/>
    <property name="sun.jnu.encoding" value="UTF-8"/>
    <property name="java.class.path" value="/home/jibrilhp/portfolio-jibs/portfolio-flink-feature-engineer/flink-beam-pipeline-to-bq/property-listing-pipeline/target/test-classes:/home/jibrilhp/portfolio-jibs/portfolio-flink-feature-engineer/flink-beam-pipeline-to-bq/property-listing-pipeline/target/classes:/home/jibrilhp/.m2/repository/junit/junit/3.8.1/junit-3.8.1.jar:/home/jibrilhp/.m2/repository/org/apache/beam/beam-runners-flink_2.11/2.16.0/beam-runners-flink_2.11-2.16.0.jar:/home/jibrilhp/.m2/repository/org/apache/beam/beam-vendor-guava-26_0-jre/0.1/beam-vendor-guava-26_0-jre-0.1.jar:/home/jibrilhp/.m2/repository/org/apache/beam/beam-sdks-java-core/2.16.0/beam-sdks-java-core-2.16.0.jar:/home/jibrilhp/.m2/repository/org/apache/beam/beam-model-pipeline/2.16.0/beam-model-pipeline-2.16.0.jar:/home/jibrilhp/.m2/repository/org/apache/beam/beam-model-job-management/2.16.0/beam-model-job-management-2.16.0.jar:/home/jibrilhp/.m2/repository/org/apache/beam/beam-vendor-bytebuddy-1_9_3/0.1/beam-vendor-bytebuddy-1_9_3-0.1.jar:/home/jibrilhp/.m2/repository/org/tukaani/xz/1.8/xz-1.8.jar:/home/jibrilhp/.m2/repository/org/apache/beam/beam-runners-core-java/2.16.0/beam-runners-core-java-2.16.0.jar:/home/jibrilhp/.m2/repository/org/apache/beam/beam-model-fn-execution/2.16.0/beam-model-fn-execution-2.16.0.jar:/home/jibrilhp/.m2/repository/org/apache/beam/beam-sdks-java-fn-execution/2.16.0/beam-sdks-java-fn-execution-2.16.0.jar:/home/jibrilhp/.m2/repository/org/apache/beam/beam-runners-core-construction-java/2.16.0/beam-runners-core-construction-java-2.16.0.jar:/home/jibrilhp/.m2/repository/org/apache/beam/beam-runners-java-fn-execution/2.16.0/beam-runners-java-fn-execution-2.16.0.jar:/home/jibrilhp/.m2/repository/org/apache/beam/beam-vendor-sdks-java-extensions-protobuf/2.16.0/beam-vendor-sdks-java-extensions-protobuf-2.16.0.jar:/home/jibrilhp/.m2/repository/org/apache/beam/beam-sdks-java-build-tools/2.16.0/beam-sdks-java-build-tools-2.16.0.jar:/home/jibrilhp/.m2/repository/org/apache/beam/beam-vendor-grpc-1_21_0/0.1/beam-vendor-grpc-1_21_0-0.1.jar:/home/jibrilhp/.m2/repository/com/fasterxml/jackson/core/jackson-annotations/2.9.10/jackson-annotations-2.9.10.jar:/home/jibrilhp/.m2/repository/org/slf4j/slf4j-api/1.7.25/slf4j-api-1.7.25.jar:/home/jibrilhp/.m2/repository/joda-time/joda-time/2.10.3/joda-time-2.10.3.jar:/home/jibrilhp/.m2/repository/org/apache/commons/commons-compress/1.19/commons-compress-1.19.jar:/home/jibrilhp/.m2/repository/args4j/args4j/2.33/args4j-2.33.jar:/home/jibrilhp/.m2/repository/org/apache/flink/flink-clients_2.11/1.5.6/flink-clients_2.11-1.5.6.jar:/home/jibrilhp/.m2/repository/org/apache/flink/flink-optimizer_2.11/1.5.6/flink-optimizer_2.11-1.5.6.jar:/home/jibrilhp/.m2/repository/commons-cli/commons-cli/1.3.1/commons-cli-1.3.1.jar:/home/jibrilhp/.m2/repository/com/google/code/findbugs/jsr305/1.3.9/jsr305-1.3.9.jar:/home/jibrilhp/.m2/repository/org/apache/flink/force-shading/1.5.6/force-shading-1.5.6.jar:/home/jibrilhp/.m2/repository/org/apache/flink/flink-core/1.5.6/flink-core-1.5.6.jar:/home/jibrilhp/.m2/repository/org/apache/flink/flink-annotations/1.5.6/flink-annotations-1.5.6.jar:/home/jibrilhp/.m2/repository/org/apache/flink/flink-shaded-asm/5.0.4-2.0/flink-shaded-asm-5.0.4-2.0.jar:/home/jibrilhp/.m2/repository/org/apache/commons/commons-lang3/3.3.2/commons-lang3-3.3.2.jar:/home/jibrilhp/.m2/repository/com/esotericsoftware/kryo/kryo/2.24.0/kryo-2.24.0.jar:/home/jibrilhp/.m2/repository/com/esotericsoftware/minlog/minlog/1.2/minlog-1.2.jar:/home/jibrilhp/.m2/repository/org/objenesis/objenesis/2.1/objenesis-2.1.jar:/home/jibrilhp/.m2/repository/commons-collections/commons-collections/3.2.2/commons-collections-3.2.2.jar:/home/jibrilhp/.m2/repository/org/apache/flink/flink-metrics-core/1.5.6/flink-metrics-core-1.5.6.jar:/home/jibrilhp/.m2/repository/org/apache/flink/flink-java/1.5.6/flink-java-1.5.6.jar:/home/jibrilhp/.m2/repository/org/apache/commons/commons-math3/3.5/commons-math3-3.5.jar:/home/jibrilhp/.m2/repository/org/apache/flink/flink-runtime_2.11/1.5.6/flink-runtime_2.11-1.5.6.jar:/home/jibrilhp/.m2/repository/org/apache/flink/flink-queryable-state-client-java_2.11/1.5.6/flink-queryable-state-client-java_2.11-1.5.6.jar:/home/jibrilhp/.m2/repository/org/apache/flink/flink-hadoop-fs/1.5.6/flink-hadoop-fs-1.5.6.jar:/home/jibrilhp/.m2/repository/commons-io/commons-io/2.4/commons-io-2.4.jar:/home/jibrilhp/.m2/repository/org/apache/flink/flink-shaded-netty/4.0.27.Final-2.0/flink-shaded-netty-4.0.27.Final-2.0.jar:/home/jibrilhp/.m2/repository/org/apache/flink/flink-shaded-guava/18.0-2.0/flink-shaded-guava-18.0-2.0.jar:/home/jibrilhp/.m2/repository/org/apache/flink/flink-shaded-jackson/2.7.9-3.0/flink-shaded-jackson-2.7.9-3.0.jar:/home/jibrilhp/.m2/repository/org/javassist/javassist/3.18.2-GA/javassist-3.18.2-GA.jar:/home/jibrilhp/.m2/repository/org/scala-lang/scala-library/2.11.12/scala-library-2.11.12.jar:/home/jibrilhp/.m2/repository/com/typesafe/akka/akka-actor_2.11/2.4.20/akka-actor_2.11-2.4.20.jar:/home/jibrilhp/.m2/repository/com/typesafe/config/1.3.0/config-1.3.0.jar:/home/jibrilhp/.m2/repository/org/scala-lang/modules/scala-java8-compat_2.11/0.7.0/scala-java8-compat_2.11-0.7.0.jar:/home/jibrilhp/.m2/repository/com/typesafe/akka/akka-stream_2.11/2.4.20/akka-stream_2.11-2.4.20.jar:/home/jibrilhp/.m2/repository/org/reactivestreams/reactive-streams/1.0.0/reactive-streams-1.0.0.jar:/home/jibrilhp/.m2/repository/com/typesafe/ssl-config-core_2.11/0.2.1/ssl-config-core_2.11-0.2.1.jar:/home/jibrilhp/.m2/repository/org/scala-lang/modules/scala-parser-combinators_2.11/1.0.4/scala-parser-combinators_2.11-1.0.4.jar:/home/jibrilhp/.m2/repository/com/typesafe/akka/akka-protobuf_2.11/2.4.20/akka-protobuf_2.11-2.4.20.jar:/home/jibrilhp/.m2/repository/com/typesafe/akka/akka-slf4j_2.11/2.4.20/akka-slf4j_2.11-2.4.20.jar:/home/jibrilhp/.m2/repository/org/clapper/grizzled-slf4j_2.11/1.0.2/grizzled-slf4j_2.11-1.0.2.jar:/home/jibrilhp/.m2/repository/com/github/scopt/scopt_2.11/3.5.0/scopt_2.11-3.5.0.jar:/home/jibrilhp/.m2/repository/com/twitter/chill_2.11/0.7.4/chill_2.11-0.7.4.jar:/home/jibrilhp/.m2/repository/com/twitter/chill-java/0.7.4/chill-java-0.7.4.jar:/home/jibrilhp/.m2/repository/org/apache/flink/flink-streaming-java_2.11/1.5.6/flink-streaming-java_2.11-1.5.6.jar:/home/jibrilhp/.m2/repository/org/apache/beam/beam-sdks-java-io-google-cloud-platform/2.16.0/beam-sdks-java-io-google-cloud-platform-2.16.0.jar:/home/jibrilhp/.m2/repository/org/apache/beam/beam-sdks-java-extensions-google-cloud-platform-core/2.16.0/beam-sdks-java-extensions-google-cloud-platform-core-2.16.0.jar:/home/jibrilhp/.m2/repository/com/google/cloud/bigdataoss/gcsio/1.9.16/gcsio-1.9.16.jar:/home/jibrilhp/.m2/repository/com/google/apis/google-api-services-cloudresourcemanager/v1-rev20181015-1.27.0/google-api-services-cloudresourcemanager-v1-rev20181015-1.27.0.jar:/home/jibrilhp/.m2/repository/com/google/apis/google-api-services-storage/v1-rev20181013-1.27.0/google-api-services-storage-v1-rev20181013-1.27.0.jar:/home/jibrilhp/.m2/repository/org/apache/beam/beam-sdks-java-extensions-protobuf/2.16.0/beam-sdks-java-extensions-protobuf-2.16.0.jar:/home/jibrilhp/.m2/repository/org/apache/avro/avro/1.8.2/avro-1.8.2.jar:/home/jibrilhp/.m2/repository/org/codehaus/jackson/jackson-core-asl/1.9.13/jackson-core-asl-1.9.13.jar:/home/jibrilhp/.m2/repository/org/codehaus/jackson/jackson-mapper-asl/1.9.13/jackson-mapper-asl-1.9.13.jar:/home/jibrilhp/.m2/repository/com/thoughtworks/paranamer/paranamer/2.7/paranamer-2.7.jar:/home/jibrilhp/.m2/repository/com/google/cloud/bigdataoss/util/1.9.16/util-1.9.16.jar:/home/jibrilhp/.m2/repository/com/google/api-client/google-api-client-java6/1.27.0/google-api-client-java6-1.27.0.jar:/home/jibrilhp/.m2/repository/com/google/api-client/google-api-client-jackson2/1.27.0/google-api-client-jackson2-1.27.0.jar:/home/jibrilhp/.m2/repository/com/google/auto/value/auto-value-annotations/1.6.3/auto-value-annotations-1.6.3.jar:/home/jibrilhp/.m2/repository/com/google/oauth-client/google-oauth-client/1.27.0/google-oauth-client-1.27.0.jar:/home/jibrilhp/.m2/repository/com/google/oauth-client/google-oauth-client-java6/1.27.0/google-oauth-client-java6-1.27.0.jar:/home/jibrilhp/.m2/repository/com/google/flogger/google-extensions/0.3.1/google-extensions-0.3.1.jar:/home/jibrilhp/.m2/repository/com/google/flogger/flogger/0.3.1/flogger-0.3.1.jar:/home/jibrilhp/.m2/repository/com/google/flogger/flogger-system-backend/0.3.1/flogger-system-backend-0.3.1.jar:/home/jibrilhp/.m2/repository/com/google/api/gax-grpc/1.38.0/gax-grpc-1.38.0.jar:/home/jibrilhp/.m2/repository/com/google/api/gax/1.38.0/gax-1.38.0.jar:/home/jibrilhp/.m2/repository/io/grpc/grpc-protobuf/1.17.1/grpc-protobuf-1.17.1.jar:/home/jibrilhp/.m2/repository/io/grpc/grpc-protobuf-lite/1.17.1/grpc-protobuf-lite-1.17.1.jar:/home/jibrilhp/.m2/repository/org/threeten/threetenbp/1.3.3/threetenbp-1.3.3.jar:/home/jibrilhp/.m2/repository/com/google/api/api-common/1.7.0/api-common-1.7.0.jar:/home/jibrilhp/.m2/repository/io/grpc/grpc-netty-shaded/1.17.1/grpc-netty-shaded-1.17.1.jar:/home/jibrilhp/.m2/repository/io/grpc/grpc-alts/1.17.1/grpc-alts-1.17.1.jar:/home/jibrilhp/.m2/repository/io/grpc/grpc-grpclb/1.17.1/grpc-grpclb-1.17.1.jar:/home/jibrilhp/.m2/repository/com/google/api-client/google-api-client/1.27.0/google-api-client-1.27.0.jar:/home/jibrilhp/.m2/repository/com/google/apis/google-api-services-bigquery/v2-rev20181104-1.27.0/google-api-services-bigquery-v2-rev20181104-1.27.0.jar:/home/jibrilhp/.m2/repository/com/google/apis/google-api-services-pubsub/v1-rev20181105-1.27.0/google-api-services-pubsub-v1-rev20181105-1.27.0.jar:/home/jibrilhp/.m2/repository/com/google/auth/google-auth-library-credentials/0.12.0/google-auth-library-credentials-0.12.0.jar:/home/jibrilhp/.m2/repository/com/google/auth/google-auth-library-oauth2-http/0.12.0/google-auth-library-oauth2-http-0.12.0.jar:/home/jibrilhp/.m2/repository/com/google/cloud/google-cloud-bigquerystorage/0.79.0-alpha/google-cloud-bigquerystorage-0.79.0-alpha.jar:/home/jibrilhp/.m2/repository/com/google/api/grpc/grpc-google-cloud-bigquerystorage-v1beta1/0.44.0/grpc-google-cloud-bigquerystorage-v1beta1-0.44.0.jar:/home/jibrilhp/.m2/repository/javax/annotation/javax.annotation-api/1.2/javax.annotation-api-1.2.jar:/home/jibrilhp/.m2/repository/com/google/cloud/bigtable/bigtable-client-core/1.8.0/bigtable-client-core-1.8.0.jar:/home/jibrilhp/.m2/repository/com/google/cloud/google-cloud-bigtable/0.73.0-alpha/google-cloud-bigtable-0.73.0-alpha.jar:/home/jibrilhp/.m2/repository/com/google/cloud/google-cloud-bigtable-admin/0.73.0-alpha/google-cloud-bigtable-admin-0.73.0-alpha.jar:/home/jibrilhp/.m2/repository/com/google/api/grpc/grpc-google-common-protos/1.12.0/grpc-google-common-protos-1.12.0.jar:/home/jibrilhp/.m2/repository/com/google/api/grpc/proto-google-cloud-bigtable-admin-v2/0.38.0/proto-google-cloud-bigtable-admin-v2-0.38.0.jar:/home/jibrilhp/.m2/repository/com/google/api/grpc/grpc-google-cloud-bigtable-v2/0.38.0/grpc-google-cloud-bigtable-v2-0.38.0.jar:/home/jibrilhp/.m2/repository/com/google/api/grpc/grpc-google-cloud-bigtable-admin-v2/0.38.0/grpc-google-cloud-bigtable-admin-v2-0.38.0.jar:/home/jibrilhp/.m2/repository/com/google/api/grpc/proto-google-iam-v1/0.12.0/proto-google-iam-v1-0.12.0.jar:/home/jibrilhp/.m2/repository/commons-logging/commons-logging/1.2/commons-logging-1.2.jar:/home/jibrilhp/.m2/repository/com/google/cloud/google-cloud-core-http/1.55.0/google-cloud-core-http-1.55.0.jar:/home/jibrilhp/.m2/repository/com/google/http-client/google-http-client-appengine/1.27.0/google-http-client-appengine-1.27.0.jar:/home/jibrilhp/.m2/repository/com/google/api/gax-httpjson/0.52.0/gax-httpjson-0.52.0.jar:/home/jibrilhp/.m2/repository/io/opencensus/opencensus-contrib-http-util/0.15.0/opencensus-contrib-http-util-0.15.0.jar:/home/jibrilhp/.m2/repository/io/grpc/grpc-context/1.16.1/grpc-context-1.16.1.jar:/home/jibrilhp/.m2/repository/io/opencensus/opencensus-api/0.15.0/opencensus-api-0.15.0.jar:/home/jibrilhp/.m2/repository/io/opencensus/opencensus-contrib-grpc-util/0.15.0/opencensus-contrib-grpc-util-0.15.0.jar:/home/jibrilhp/.m2/repository/io/dropwizard/metrics/metrics-core/3.1.2/metrics-core-3.1.2.jar:/home/jibrilhp/.m2/repository/com/google/cloud/google-cloud-core/1.61.0/google-cloud-core-1.61.0.jar:/home/jibrilhp/.m2/repository/com/google/protobuf/protobuf-java-util/3.6.1/protobuf-java-util-3.6.1.jar:/home/jibrilhp/.m2/repository/com/google/cloud/google-cloud-core-grpc/1.61.0/google-cloud-core-grpc-1.61.0.jar:/home/jibrilhp/.m2/repository/com/google/cloud/datastore/datastore-v1-proto-client/1.6.0/datastore-v1-proto-client-1.6.0.jar:/home/jibrilhp/.m2/repository/com/google/http-client/google-http-client-protobuf/1.20.0/google-http-client-protobuf-1.20.0.jar:/home/jibrilhp/.m2/repository/com/google/http-client/google-http-client-jackson/1.20.0/google-http-client-jackson-1.20.0.jar:/home/jibrilhp/.m2/repository/com/google/cloud/google-cloud-spanner/1.6.0/google-cloud-spanner-1.6.0.jar:/home/jibrilhp/.m2/repository/com/google/api/grpc/proto-google-cloud-spanner-v1/1.6.0/proto-google-cloud-spanner-v1-1.6.0.jar:/home/jibrilhp/.m2/repository/com/google/api/grpc/proto-google-cloud-spanner-admin-instance-v1/1.6.0/proto-google-cloud-spanner-admin-instance-v1-1.6.0.jar:/home/jibrilhp/.m2/repository/com/google/api/grpc/grpc-google-cloud-spanner-v1/1.6.0/grpc-google-cloud-spanner-v1-1.6.0.jar:/home/jibrilhp/.m2/repository/com/google/api/grpc/grpc-google-cloud-spanner-admin-database-v1/1.6.0/grpc-google-cloud-spanner-admin-database-v1-1.6.0.jar:/home/jibrilhp/.m2/repository/com/google/api/grpc/grpc-google-cloud-spanner-admin-instance-v1/1.6.0/grpc-google-cloud-spanner-admin-instance-v1-1.6.0.jar:/home/jibrilhp/.m2/repository/com/google/http-client/google-http-client/1.27.0/google-http-client-1.27.0.jar:/home/jibrilhp/.m2/repository/org/apache/httpcomponents/httpclient/4.5.5/httpclient-4.5.5.jar:/home/jibrilhp/.m2/repository/org/apache/httpcomponents/httpcore/4.4.9/httpcore-4.4.9.jar:/home/jibrilhp/.m2/repository/commons-codec/commons-codec/1.10/commons-codec-1.10.jar:/home/jibrilhp/.m2/repository/com/google/j2objc/j2objc-annotations/1.1/j2objc-annotations-1.1.jar:/home/jibrilhp/.m2/repository/com/google/http-client/google-http-client-jackson2/1.27.0/google-http-client-jackson2-1.27.0.jar:/home/jibrilhp/.m2/repository/io/grpc/grpc-all/1.17.1/grpc-all-1.17.1.jar:/home/jibrilhp/.m2/repository/io/grpc/grpc-okhttp/1.17.1/grpc-okhttp-1.17.1.jar:/home/jibrilhp/.m2/repository/com/squareup/okhttp/okhttp/2.5.0/okhttp-2.5.0.jar:/home/jibrilhp/.m2/repository/com/squareup/okio/okio/1.13.0/okio-1.13.0.jar:/home/jibrilhp/.m2/repository/io/grpc/grpc-protobuf-nano/1.17.1/grpc-protobuf-nano-1.17.1.jar:/home/jibrilhp/.m2/repository/com/google/protobuf/nano/protobuf-javanano/3.0.0-alpha-5/protobuf-javanano-3.0.0-alpha-5.jar:/home/jibrilhp/.m2/repository/io/grpc/grpc-testing/1.17.1/grpc-testing-1.17.1.jar:/home/jibrilhp/.m2/repository/org/mockito/mockito-core/1.9.5/mockito-core-1.9.5.jar:/home/jibrilhp/.m2/repository/io/grpc/grpc-auth/1.17.1/grpc-auth-1.17.1.jar:/home/jibrilhp/.m2/repository/io/grpc/grpc-core/1.17.1/grpc-core-1.17.1.jar:/home/jibrilhp/.m2/repository/com/google/code/gson/gson/2.7/gson-2.7.jar:/home/jibrilhp/.m2/repository/com/google/errorprone/error_prone_annotations/2.2.0/error_prone_annotations-2.2.0.jar:/home/jibrilhp/.m2/repository/org/codehaus/mojo/animal-sniffer-annotations/1.17/animal-sniffer-annotations-1.17.jar:/home/jibrilhp/.m2/repository/io/opencensus/opencensus-contrib-grpc-metrics/0.17.0/opencensus-contrib-grpc-metrics-0.17.0.jar:/home/jibrilhp/.m2/repository/io/grpc/grpc-netty/1.17.1/grpc-netty-1.17.1.jar:/home/jibrilhp/.m2/repository/io/netty/netty-codec-http2/4.1.30.Final/netty-codec-http2-4.1.30.Final.jar:/home/jibrilhp/.m2/repository/io/netty/netty-codec-http/4.1.30.Final/netty-codec-http-4.1.30.Final.jar:/home/jibrilhp/.m2/repository/io/netty/netty-handler-proxy/4.1.30.Final/netty-handler-proxy-4.1.30.Final.jar:/home/jibrilhp/.m2/repository/io/netty/netty-codec-socks/4.1.30.Final/netty-codec-socks-4.1.30.Final.jar:/home/jibrilhp/.m2/repository/io/grpc/grpc-stub/1.17.1/grpc-stub-1.17.1.jar:/home/jibrilhp/.m2/repository/com/google/api/grpc/grpc-google-cloud-pubsub-v1/1.43.0/grpc-google-cloud-pubsub-v1-1.43.0.jar:/home/jibrilhp/.m2/repository/com/google/guava/guava/20.0/guava-20.0.jar:/home/jibrilhp/.m2/repository/io/netty/netty-handler/4.1.30.Final/netty-handler-4.1.30.Final.jar:/home/jibrilhp/.m2/repository/io/netty/netty-buffer/4.1.30.Final/netty-buffer-4.1.30.Final.jar:/home/jibrilhp/.m2/repository/io/netty/netty-common/4.1.30.Final/netty-common-4.1.30.Final.jar:/home/jibrilhp/.m2/repository/io/netty/netty-transport/4.1.30.Final/netty-transport-4.1.30.Final.jar:/home/jibrilhp/.m2/repository/io/netty/netty-resolver/4.1.30.Final/netty-resolver-4.1.30.Final.jar:/home/jibrilhp/.m2/repository/io/netty/netty-codec/4.1.30.Final/netty-codec-4.1.30.Final.jar:/home/jibrilhp/.m2/repository/io/netty/netty-tcnative-boringssl-static/2.0.17.Final/netty-tcnative-boringssl-static-2.0.17.Final.jar:/home/jibrilhp/.m2/repository/com/google/api/grpc/proto-google-cloud-bigquerystorage-v1beta1/0.44.0/proto-google-cloud-bigquerystorage-v1beta1-0.44.0.jar:/home/jibrilhp/.m2/repository/com/google/api/grpc/proto-google-cloud-bigtable-v2/0.44.0/proto-google-cloud-bigtable-v2-0.44.0.jar:/home/jibrilhp/.m2/repository/com/google/api/grpc/proto-google-cloud-datastore-v1/0.44.0/proto-google-cloud-datastore-v1-0.44.0.jar:/home/jibrilhp/.m2/repository/com/google/api/grpc/proto-google-cloud-pubsub-v1/1.43.0/proto-google-cloud-pubsub-v1-1.43.0.jar:/home/jibrilhp/.m2/repository/com/google/api/grpc/proto-google-cloud-spanner-admin-database-v1/1.6.0/proto-google-cloud-spanner-admin-database-v1-1.6.0.jar:/home/jibrilhp/.m2/repository/com/google/api/grpc/proto-google-common-protos/1.12.0/proto-google-common-protos-1.12.0.jar:/home/jibrilhp/.m2/repository/com/google/protobuf/protobuf-java/3.6.0/protobuf-java-3.6.0.jar:/home/jibrilhp/.m2/repository/org/apache/beam/beam-sdks-java-io-kafka/2.16.0/beam-sdks-java-io-kafka-2.16.0.jar:/home/jibrilhp/.m2/repository/org/springframework/spring-expression/4.3.18.RELEASE/spring-expression-4.3.18.RELEASE.jar:/home/jibrilhp/.m2/repository/org/springframework/spring-core/4.3.18.RELEASE/spring-core-4.3.18.RELEASE.jar:/home/jibrilhp/.m2/repository/com/fasterxml/jackson/core/jackson-databind/2.15.2/jackson-databind-2.15.2.jar:/home/jibrilhp/.m2/repository/com/fasterxml/jackson/core/jackson-core/2.15.2/jackson-core-2.15.2.jar:/home/jibrilhp/.m2/repository/org/apache/kafka/kafka-clients/3.6.1/kafka-clients-3.6.1.jar:/home/jibrilhp/.m2/repository/com/github/luben/zstd-jni/1.5.5-1/zstd-jni-1.5.5-1.jar:/home/jibrilhp/.m2/repository/org/lz4/lz4-java/1.8.0/lz4-java-1.8.0.jar:/home/jibrilhp/.m2/repository/org/xerial/snappy/snappy-java/1.1.10.5/snappy-java-1.1.10.5.jar:"/>
    <property name="java.vm.vendor" value="Eclipse Adoptium"/>
    <property name="sun.arch.data.model" value="64"/>
    <property name="java.vendor.url" value="https://adoptium.net/"/>
    <property name="os.name" value="Linux"/>
    <property name="java.vm.specification.version" value="17"/>
    <property name="sun.java.launcher" value="SUN_STANDARD"/>
    <property name="user.country" value="US"/>
    <property name="sun.boot.library.path" value="/home/jibrilhp/.sdkman/candidates/java/17.0.11-tem/lib"/>
    <property name="sun.java.command" value="/home/jibrilhp/portfolio-jibs/portfolio-flink-feature-engineer/flink-beam-pipeline-to-bq/property-listing-pipeline/target/surefire/surefirebooter-20250704103729597_3.jar /home/jibrilhp/portfolio-jibs/portfolio-flink-feature-engineer/flink-beam-pipeline-to-bq/property-listing-pipeline/target/surefire 2025-07-04T10-37-29_524-jvmRun1 surefire-20250704103729597_1tmp surefire_0-20250704103729597_2tmp"/>
    <property name="jdk.debug" value="release"/>
    <property name="surefire.test.class.path" value="/home/jibrilhp/portfolio-jibs/portfolio-flink-feature-engineer/flink-beam-pipeline-to-bq/property-listing-pipeline/target/test-classes:/home/jibrilhp/portfolio-jibs/portfolio-flink-feature-engineer/flink-beam-pipeline-to-bq/property-listing-pipeline/target/classes:/home/jibrilhp/.m2/repository/junit/junit/3.8.1/junit-3.8.1.jar:/home/jibrilhp/.m2/repository/org/apache/beam/beam-runners-flink_2.11/2.16.0/beam-runners-flink_2.11-2.16.0.jar:/home/jibrilhp/.m2/repository/org/apache/beam/beam-vendor-guava-26_0-jre/0.1/beam-vendor-guava-26_0-jre-0.1.jar:/home/jibrilhp/.m2/repository/org/apache/beam/beam-sdks-java-core/2.16.0/beam-sdks-java-core-2.16.0.jar:/home/jibrilhp/.m2/repository/org/apache/beam/beam-model-pipeline/2.16.0/beam-model-pipeline-2.16.0.jar:/home/jibrilhp/.m2/repository/org/apache/beam/beam-model-job-management/2.16.0/beam-model-job-management-2.16.0.jar:/home/jibrilhp/.m2/repository/org/apache/beam/beam-vendor-bytebuddy-1_9_3/0.1/beam-vendor-bytebuddy-1_9_3-0.1.jar:/home/jibrilhp/.m2/repository/org/tukaani/xz/1.8/xz-1.8.jar:/home/jibrilhp/.m2/repository/org/apache/beam/beam-runners-core-java/2.16.0/beam-runners-core-java-2.16.0.jar:/home/jibrilhp/.m2/repository/org/apache/beam/beam-model-fn-execution/2.16.0/beam-model-fn-execution-2.16.0.jar:/home/jibrilhp/.m2/repository/org/apache/beam/beam-sdks-java-fn-execution/2.16.0/beam-sdks-java-fn-execution-2.16.0.jar:/home/jibrilhp/.m2/repository/org/apache/beam/beam-runners-core-construction-java/2.16.0/beam-runners-core-construction-java-2.16.0.jar:/home/jibrilhp/.m2/repository/org/apache/beam/beam-runners-java-fn-execution/2.16.0/beam-runners-java-fn-execution-2.16.0.jar:/home/jibrilhp/.m2/repository/org/apache/beam/beam-vendor-sdks-java-extensions-protobuf/2.16.0/beam-vendor-sdks-java-extensions-protobuf-2.16.0.jar:/home/jibrilhp/.m2/repository/org/apache/beam/beam-sdks-java-build-tools/2.16.0/beam-sdks-java-build-tools-2.16.0.jar:/home/jibrilhp/.m2/repository/org/apache/beam/beam-vendor-grpc-1_21_0/0.1/beam-vendor-grpc-1_21_0-0.1.jar:/home/jibrilhp/.m2/repository/com/fasterxml/jackson/core/jackson-annotations/2.9.10/jackson-annotations-2.9.10.jar:/home/jibrilhp/.m2/repository/org/slf4j/slf4j-api/1.7.25/slf4j-api-1.7.25.jar:/home/jibrilhp/.m2/repository/joda-time/joda-time/2.10.3/joda-time-2.10.3.jar:/home/jibrilhp/.m2/repository/org/apache/commons/commons-compress/1.19/commons-compress-1.19.jar:/home/jibrilhp/.m2/repository/args4j/args4j/2.33/args4j-2.33.jar:/home/jibrilhp/.m2/repository/org/apache/flink/flink-clients_2.11/1.5.6/flink-clients_2.11-1.5.6.jar:/home/jibrilhp/.m2/repository/org/apache/flink/flink-optimizer_2.11/1.5.6/flink-optimizer_2.11-1.5.6.jar:/home/jibrilhp/.m2/repository/commons-cli/commons-cli/1.3.1/commons-cli-1.3.1.jar:/home/jibrilhp/.m2/repository/com/google/code/findbugs/jsr305/1.3.9/jsr305-1.3.9.jar:/home/jibrilhp/.m2/repository/org/apache/flink/force-shading/1.5.6/force-shading-1.5.6.jar:/home/jibrilhp/.m2/repository/org/apache/flink/flink-core/1.5.6/flink-core-1.5.6.jar:/home/jibrilhp/.m2/repository/org/apache/flink/flink-annotations/1.5.6/flink-annotations-1.5.6.jar:/home/jibrilhp/.m2/repository/org/apache/flink/flink-shaded-asm/5.0.4-2.0/flink-shaded-asm-5.0.4-2.0.jar:/home/jibrilhp/.m2/repository/org/apache/commons/commons-lang3/3.3.2/commons-lang3-3.3.2.jar:/home/jibrilhp/.m2/repository/com/esotericsoftware/kryo/kryo/2.24.0/kryo-2.24.0.jar:/home/jibrilhp/.m2/repository/com/esotericsoftware/minlog/minlog/1.2/minlog-1.2.jar:/home/jibrilhp/.m2/repository/org/objenesis/objenesis/2.1/objenesis-2.1.jar:/home/jibrilhp/.m2/repository/commons-collections/commons-collections/3.2.2/commons-collections-3.2.2.jar:/home/jibrilhp/.m2/repository/org/apache/flink/flink-metrics-core/1.5.6/flink-metrics-core-1.5.6.jar:/home/jibrilhp/.m2/repository/org/apache/flink/flink-java/1.5.6/flink-java-1.5.6.jar:/home/jibrilhp/.m2/repository/org/apache/commons/commons-math3/3.5/commons-math3-3.5.jar:/home/jibrilhp/.m2/repository/org/apache/flink/flink-runtime_2.11/1.5.6/flink-runtime_2.11-1.5.6.jar:/home/jibrilhp/.m2/repository/org/apache/flink/flink-queryable-state-client-java_2.11/1.5.6/flink-queryable-state-client-java_2.11-1.5.6.jar:/home/jibrilhp/.m2/repository/org/apache/flink/flink-hadoop-fs/1.5.6/flink-hadoop-fs-1.5.6.jar:/home/jibrilhp/.m2/repository/commons-io/commons-io/2.4/commons-io-2.4.jar:/home/jibrilhp/.m2/repository/org/apache/flink/flink-shaded-netty/4.0.27.Final-2.0/flink-shaded-netty-4.0.27.Final-2.0.jar:/home/jibrilhp/.m2/repository/org/apache/flink/flink-shaded-guava/18.0-2.0/flink-shaded-guava-18.0-2.0.jar:/home/jibrilhp/.m2/repository/org/apache/flink/flink-shaded-jackson/2.7.9-3.0/flink-shaded-jackson-2.7.9-3.0.jar:/home/jibrilhp/.m2/repository/org/javassist/javassist/3.18.2-GA/javassist-3.18.2-GA.jar:/home/jibrilhp/.m2/repository/org/scala-lang/scala-library/2.11.12/scala-library-2.11.12.jar:/home/jibrilhp/.m2/repository/com/typesafe/akka/akka-actor_2.11/2.4.20/akka-actor_2.11-2.4.20.jar:/home/jibrilhp/.m2/repository/com/typesafe/config/1.3.0/config-1.3.0.jar:/home/jibrilhp/.m2/repository/org/scala-lang/modules/scala-java8-compat_2.11/0.7.0/scala-java8-compat_2.11-0.7.0.jar:/home/jibrilhp/.m2/repository/com/typesafe/akka/akka-stream_2.11/2.4.20/akka-stream_2.11-2.4.20.jar:/home/jibrilhp/.m2/repository/org/reactivestreams/reactive-streams/1.0.0/reactive-streams-1.0.0.jar:/home/jibrilhp/.m2/repository/com/typesafe/ssl-config-core_2.11/0.2.1/ssl-config-core_2.11-0.2.1.jar:/home/jibrilhp/.m2/repository/org/scala-lang/modules/scala-parser-combinators_2.11/1.0.4/scala-parser-combinators_2.11-1.0.4.jar:/home/jibrilhp/.m2/repository/com/typesafe/akka/akka-protobuf_2.11/2.4.20/akka-protobuf_2.11-2.4.20.jar:/home/jibrilhp/.m2/repository/com/typesafe/akka/akka-slf4j_2.11/2.4.20/akka-slf4j_2.11-2.4.20.jar:/home/jibrilhp/.m2/repository/org/clapper/grizzled-slf4j_2.11/1.0.2/grizzled-slf4j_2.11-1.0.2.jar:/home/jibrilhp/.m2/repository/com/github/scopt/scopt_2.11/3.5.0/scopt_2.11-3.5.0.jar:/home/jibrilhp/.m2/repository/com/twitter/chill_2.11/0.7.4/chill_2.11-0.7.4.jar:/home/jibrilhp/.m2/repository/com/twitter/chill-java/0.7.4/chill-java-0.7.4.jar:/home/jibrilhp/.m2/repository/org/apache/flink/flink-streaming-java_2.11/1.5.6/flink-streaming-java_2.11-1.5.6.jar:/home/jibrilhp/.m2/repository/org/apache/beam/beam-sdks-java-io-google-cloud-platform/2.16.0/beam-sdks-java-io-google-cloud-platform-2.16.0.jar:/home/jibrilhp/.m2/repository/org/apache/beam/beam-sdks-java-extensions-google-cloud-platform-core/2.16.0/beam-sdks-java-extensions-google-cloud-platform-core-2.16.0.jar:/home/jibrilhp/.m2/repository/com/google/cloud/bigdataoss/gcsio/1.9.16/gcsio-1.9.16.jar:/home/jibrilhp/.m2/repository/com/google/apis/google-api-services-cloudresourcemanager/v1-rev20181015-1.27.0/google-api-services-cloudresourcemanager-v1-rev20181015-1.27.0.jar:/home/jibrilhp/.m2/repository/com/google/apis/google-api-services-storage/v1-rev20181013-1.27.0/google-api-services-storage-v1-rev20181013-1.27.0.jar:/home/jibrilhp/.m2/repository/org/apache/beam/beam-sdks-java-extensions-protobuf/2.16.0/beam-sdks-java-extensions-protobuf-2.16.0.jar:/home/jibrilhp/.m2/repository/org/apache/avro/avro/1.8.2/avro-1.8.2.jar:/home/jibrilhp/.m2/repository/org/codehaus/jackson/jackson-core-asl/1.9.13/jackson-core-asl-1.9.13.jar:/home/jibrilhp/.m2/repository/org/codehaus/jackson/jackson-mapper-asl/1.9.13/jackson-mapper-asl-1.9.13.jar:/home/jibrilhp/.m2/repository/com/thoughtworks/paranamer/paranamer/2.7/paranamer-2.7.jar:/home/jibrilhp/.m2/repository/com/google/cloud/bigdataoss/util/1.9.16/util-1.9.16.jar:/home/jibrilhp/.m2/repository/com/google/api-client/google-api-client-java6/1.27.0/google-api-client-java6-1.27.0.jar:/home/jibrilhp/.m2/repository/com/google/api-client/google-api-client-jackson2/1.27.0/google-api-client-jackson2-1.27.0.jar:/home/jibrilhp/.m2/repository/com/google/auto/value/auto-value-annotations/1.6.3/auto-value-annotations-1.6.3.jar:/home/jibrilhp/.m2/repository/com/google/oauth-client/google-oauth-client/1.27.0/google-oauth-client-1.27.0.jar:/home/jibrilhp/.m2/repository/com/google/oauth-client/google-oauth-client-java6/1.27.0/google-oauth-client-java6-1.27.0.jar:/home/jibrilhp/.m2/repository/com/google/flogger/google-extensions/0.3.1/google-extensions-0.3.1.jar:/home/jibrilhp/.m2/repository/com/google/flogger/flogger/0.3.1/flogger-0.3.1.jar:/home/jibrilhp/.m2/repository/com/google/flogger/flogger-system-backend/0.3.1/flogger-system-backend-0.3.1.jar:/home/jibrilhp/.m2/repository/com/google/api/gax-grpc/1.38.0/gax-grpc-1.38.0.jar:/home/jibrilhp/.m2/repository/com/google/api/gax/1.38.0/gax-1.38.0.jar:/home/jibrilhp/.m2/repository/io/grpc/grpc-protobuf/1.17.1/grpc-protobuf-1.17.1.jar:/home/jibrilhp/.m2/repository/io/grpc/grpc-protobuf-lite/1.17.1/grpc-protobuf-lite-1.17.1.jar:/home/jibrilhp/.m2/repository/org/threeten/threetenbp/1.3.3/threetenbp-1.3.3.jar:/home/jibrilhp/.m2/repository/com/google/api/api-common/1.7.0/api-common-1.7.0.jar:/home/jibrilhp/.m2/repository/io/grpc/grpc-netty-shaded/1.17.1/grpc-netty-shaded-1.17.1.jar:/home/jibrilhp/.m2/repository/io/grpc/grpc-alts/1.17.1/grpc-alts-1.17.1.jar:/home/jibrilhp/.m2/repository/io/grpc/grpc-grpclb/1.17.1/grpc-grpclb-1.17.1.jar:/home/jibrilhp/.m2/repository/com/google/api-client/google-api-client/1.27.0/google-api-client-1.27.0.jar:/home/jibrilhp/.m2/repository/com/google/apis/google-api-services-bigquery/v2-rev20181104-1.27.0/google-api-services-bigquery-v2-rev20181104-1.27.0.jar:/home/jibrilhp/.m2/repository/com/google/apis/google-api-services-pubsub/v1-rev20181105-1.27.0/google-api-services-pubsub-v1-rev20181105-1.27.0.jar:/home/jibrilhp/.m2/repository/com/google/auth/google-auth-library-credentials/0.12.0/google-auth-library-credentials-0.12.0.jar:/home/jibrilhp/.m2/repository/com/google/auth/google-auth-library-oauth2-http/0.12.0/google-auth-library-oauth2-http-0.12.0.jar:/home/jibrilhp/.m2/repository/com/google/cloud/google-cloud-bigquerystorage/0.79.0-alpha/google-cloud-bigquerystorage-0.79.0-alpha.jar:/home/jibrilhp/.m2/repository/com/google/api/grpc/grpc-google-cloud-bigquerystorage-v1beta1/0.44.0/grpc-google-cloud-bigquerystorage-v1beta1-0.44.0.jar:/home/jibrilhp/.m2/repository/javax/annotation/javax.annotation-api/1.2/javax.annotation-api-1.2.jar:/home/jibrilhp/.m2/repository/com/google/cloud/bigtable/bigtable-client-core/1.8.0/bigtable-client-core-1.8.0.jar:/home/jibrilhp/.m2/repository/com/google/cloud/google-cloud-bigtable/0.73.0-alpha/google-cloud-bigtable-0.73.0-alpha.jar:/home/jibrilhp/.m2/repository/com/google/cloud/google-cloud-bigtable-admin/0.73.0-alpha/google-cloud-bigtable-admin-0.73.0-alpha.jar:/home/jibrilhp/.m2/repository/com/google/api/grpc/grpc-google-common-protos/1.12.0/grpc-google-common-protos-1.12.0.jar:/home/jibrilhp/.m2/repository/com/google/api/grpc/proto-google-cloud-bigtable-admin-v2/0.38.0/proto-google-cloud-bigtable-admin-v2-0.38.0.jar:/home/jibrilhp/.m2/repository/com/google/api/grpc/grpc-google-cloud-bigtable-v2/0.38.0/grpc-google-cloud-bigtable-v2-0.38.0.jar:/home/jibrilhp/.m2/repository/com/google/api/grpc/grpc-google-cloud-bigtable-admin-v2/0.38.0/grpc-google-cloud-bigtable-admin-v2-0.38.0.jar:/home/jibrilhp/.m2/repository/com/google/api/grpc/proto-google-iam-v1/0.12.0/proto-google-iam-v1-0.12.0.jar:/home/jibrilhp/.m2/repository/commons-logging/commons-logging/1.2/commons-logging-1.2.jar:/home/jibrilhp/.m2/repository/com/google/cloud/google-cloud-core-http/1.55.0/google-cloud-core-http-1.55.0.jar:/home/jibrilhp/.m2/repository/com/google/http-client/google-http-client-appengine/1.27.0/google-http-client-appengine-1.27.0.jar:/home/jibrilhp/.m2/repository/com/google/api/gax-httpjson/0.52.0/gax-httpjson-0.52.0.jar:/home/jibrilhp/.m2/repository/io/opencensus/opencensus-contrib-http-util/0.15.0/opencensus-contrib-http-util-0.15.0.jar:/home/jibrilhp/.m2/repository/io/grpc/grpc-context/1.16.1/grpc-context-1.16.1.jar:/home/jibrilhp/.m2/repository/io/opencensus/opencensus-api/0.15.0/opencensus-api-0.15.0.jar:/home/jibrilhp/.m2/repository/io/opencensus/opencensus-contrib-grpc-util/0.15.0/opencensus-contrib-grpc-util-0.15.0.jar:/home/jibrilhp/.m2/repository/io/dropwizard/metrics/metrics-core/3.1.2/metrics-core-3.1.2.jar:/home/jibrilhp/.m2/repository/com/google/cloud/google-cloud-core/1.61.0/google-cloud-core-1.61.0.jar:/home/jibrilhp/.m2/repository/com/google/protobuf/protobuf-java-util/3.6.1/protobuf-java-util-3.6.1.jar:/home/jibrilhp/.m2/repository/com/google/cloud/google-cloud-core-grpc/1.61.0/google-cloud-core-grpc-1.61.0.jar:/home/jibrilhp/.m2/repository/com/google/cloud/datastore/datastore-v1-proto-client/1.6.0/datastore-v1-proto-client-1.6.0.jar:/home/jibrilhp/.m2/repository/com/google/http-client/google-http-client-protobuf/1.20.0/google-http-client-protobuf-1.20.0.jar:/home/jibrilhp/.m2/repository/com/google/http-client/google-http-client-jackson/1.20.0/google-http-client-jackson-1.20.0.jar:/home/jibrilhp/.m2/repository/com/google/cloud/google-cloud-spanner/1.6.0/google-cloud-spanner-1.6.0.jar:/home/jibrilhp/.m2/repository/com/google/api/grpc/proto-google-cloud-spanner-v1/1.6.0/proto-google-cloud-spanner-v1-1.6.0.jar:/home/jibrilhp/.m2/repository/com/google/api/grpc/proto-google-cloud-spanner-admin-instance-v1/1.6.0/proto-google-cloud-spanner-admin-instance-v1-1.6.0.jar:/home/jibrilhp/.m2/repository/com/google/api/grpc/grpc-google-cloud-spanner-v1/1.6.0/grpc-google-cloud-spanner-v1-1.6.0.jar:/home/jibrilhp/.m2/repository/com/google/api/grpc/grpc-google-cloud-spanner-admin-database-v1/1.6.0/grpc-google-cloud-spanner-admin-database-v1-1.6.0.jar:/home/jibrilhp/.m2/repository/com/google/api/grpc/grpc-google-cloud-spanner-admin-instance-v1/1.6.0/grpc-google-cloud-spanner-admin-instance-v1-1.6.0.jar:/home/jibrilhp/.m2/repository/com/google/http-client/google-http-client/1.27.0/google-http-client-1.27.0.jar:/home/jibrilhp/.m2/repository/org/apache/httpcomponents/httpclient/4.5.5/httpclient-4.5.5.jar:/home/jibrilhp/.m2/repository/org/apache/httpcomponents/httpcore/4.4.9/httpcore-4.4.9.jar:/home/jibrilhp/.m2/repository/commons-codec/commons-codec/1.10/commons-codec-1.10.jar:/home/jibrilhp/.m2/repository/com/google/j2objc/j2objc-annotations/1.1/j2objc-annotations-1.1.jar:/home/jibrilhp/.m2/repository/com/google/http-client/google-http-client-jackson2/1.27.0/google-http-client-jackson2-1.27.0.jar:/home/jibrilhp/.m2/repository/io/grpc/grpc-all/1.17.1/grpc-all-1.17.1.jar:/home/jibrilhp/.m2/repository/io/grpc/grpc-okhttp/1.17.1/grpc-okhttp-1.17.1.jar:/home/jibrilhp/.m2/repository/com/squareup/okhttp/okhttp/2.5.0/okhttp-2.5.0.jar:/home/jibrilhp/.m2/repository/com/squareup/okio/okio/1.13.0/okio-1.13.0.jar:/home/jibrilhp/.m2/repository/io/grpc/grpc-protobuf-nano/1.17.1/grpc-protobuf-nano-1.17.1.jar:/home/jibrilhp/.m2/repository/com/google/protobuf/nano/protobuf-javanano/3.0.0-alpha-5/protobuf-javanano-3.0.0-alpha-5.jar:/home/jibrilhp/.m2/repository/io/grpc/grpc-testing/1.17.1/grpc-testing-1.17.1.jar:/home/jibrilhp/.m2/repository/org/mockito/mockito-core/1.9.5/mockito-core-1.9.5.jar:/home/jibrilhp/.m2/repository/io/grpc/grpc-auth/1.17.1/grpc-auth-1.17.1.jar:/home/jibrilhp/.m2/repository/io/grpc/grpc-core/1.17.1/grpc-core-1.17.1.jar:/home/jibrilhp/.m2/repository/com/google/code/gson/gson/2.7/gson-2.7.jar:/home/jibrilhp/.m2/repository/com/google/errorprone/error_prone_annotations/2.2.0/error_prone_annotations-2.2.0.jar:/home/jibrilhp/.m2/repository/org/codehaus/mojo/animal-sniffer-annotations/1.17/animal-sniffer-annotations-1.17.jar:/home/jibrilhp/.m2/repository/io/opencensus/opencensus-contrib-grpc-metrics/0.17.0/opencensus-contrib-grpc-metrics-0.17.0.jar:/home/jibrilhp/.m2/repository/io/grpc/grpc-netty/1.17.1/grpc-netty-1.17.1.jar:/home/jibrilhp/.m2/repository/io/netty/netty-codec-http2/4.1.30.Final/netty-codec-http2-4.1.30.Final.jar:/home/jibrilhp/.m2/repository/io/netty/netty-codec-http/4.1.30.Final/netty-codec-http-4.1.30.Final.jar:/home/jibrilhp/.m2/repository/io/netty/netty-handler-proxy/4.1.30.Final/netty-handler-proxy-4.1.30.Final.jar:/home/jibrilhp/.m2/repository/io/netty/netty-codec-socks/4.1.30.Final/netty-codec-socks-4.1.30.Final.jar:/home/jibrilhp/.m2/repository/io/grpc/grpc-stub/1.17.1/grpc-stub-1.17.1.jar:/home/jibrilhp/.m2/repository/com/google/api/grpc/grpc-google-cloud-pubsub-v1/1.43.0/grpc-google-cloud-pubsub-v1-1.43.0.jar:/home/jibrilhp/.m2/repository/com/google/guava/guava/20.0/guava-20.0.jar:/home/jibrilhp/.m2/repository/io/netty/netty-handler/4.1.30.Final/netty-handler-4.1.30.Final.jar:/home/jibrilhp/.m2/repository/io/netty/netty-buffer/4.1.30.Final/netty-buffer-4.1.30.Final.jar:/home/jibrilhp/.m2/repository/io/netty/netty-common/4.1.30.Final/netty-common-4.1.30.Final.jar:/home/jibrilhp/.m2/repository/io/netty/netty-transport/4.1.30.Final/netty-transport-4.1.30.Final.jar:/home/jibrilhp/.m2/repository/io/netty/netty-resolver/4.1.30.Final/netty-resolver-4.1.30.Final.jar:/home/jibrilhp/.m2/repository/io/netty/netty-codec/4.1.30.Final/netty-codec-4.1.30.Final.jar:/home/jibrilhp/.m2/repository/io/netty/netty-tcnative-boringssl-static/2.0.17.Final/netty-tcnative-boringssl-static-2.0.17.Final.jar:/home/jibrilhp/.m2/repository/com/google/api/grpc/proto-google-cloud-bigquerystorage-v1beta1/0.44.0/proto-google-cloud-bigquerystorage-v1beta1-0.44.0.jar:/home/jibrilhp/.m2/repository/com/google/api/grpc/proto-google-cloud-bigtable-v2/0.44.0/proto-google-cloud-bigtable-v2-0.44.0.jar:/home/jibrilhp/.m2/repository/com/google/api/grpc/proto-google-cloud-datastore-v1/0.44.0/proto-google-cloud-datastore-v1-0.44.0.jar:/home/jibrilhp/.m2/repository/com/google/api/grpc/proto-google-cloud-pubsub-v1/1.43.0/proto-google-cloud-pubsub-v1-1.43.0.jar:/home/jibrilhp/.m2/repository/com/google/api/grpc/proto-google-cloud-spanner-admin-database-v1/1.6.0/proto-google-cloud-spanner-admin-database-v1-1.6.0.jar:/home/jibrilhp/.m2/repository/com/google/api/grpc/proto-google-common-protos/1.12.0/proto-google-common-protos-1.12.0.jar:/home/jibrilhp/.m2/repository/com/google/protobuf/protobuf-java/3.6.0/protobuf-java-3.6.0.jar:/home/jibrilhp/.m2/repository/org/apache/beam/beam-sdks-java-io-kafka/2.16.0/beam-sdks-java-io-kafka-2.16.0.jar:/home/jibrilhp/.m2/repository/org/springframework/spring-expression/4.3.18.RELEASE/spring-expression-4.3.18.RELEASE.jar:/home/jibrilhp/.m2/repository/org/springframework/spring-core/4.3.18.RELEASE/spring-core-4.3.18.RELEASE.jar:/home/jibrilhp/.m2/repository/com/fasterxml/jackson/core/jackson-databind/2.15.2/jackson-databind-2.15.2.jar:/home/jibrilhp/.m2/repository/com/fasterxml/jackson/core/jackson-core/2.15.2/jackson-core-2.15.2.jar:/home/jibrilhp/.m2/repository/org/apache/kafka/kafka-clients/3.6.1/kafka-clients-3.6.1.jar:/home/jibrilhp/.m2/repository/com/github/luben/zstd-jni/1.5.5-1/zstd-jni-1.5.5-1.jar:/home/jibrilhp/.m2/repository/org/lz4/lz4-java/1.8.0/lz4-java-1.8.0.jar:/home/jibrilhp/.m2/repository/org/xerial/snappy/snappy-java/1.1.10.5/snappy-java-1.1.10.5.jar:"/>
    <property name="sun.cpu.endian" value="little"/>
    <property name="user.home" value="/home/jibrilhp"/>
    <property name="user.language" value="en"/>
    <property name="java.specification.vendor" value="Oracle Corporation"/>
    <property name="java.version.date" value="2024-04-16"/>
    <property name="java.home" value="/home/jibrilhp/.sdkman/candidates/java/17.0.11-tem"/>
    <property name="file.separator" value="/"/>
    <property name="basedir" value="/home/jibrilhp/portfolio-jibs/portfolio-flink-feature-engineer/flink-beam-pipeline-to-bq/property-listing-pipeline"/>
    <property name="java.vm.compressedOopsMode" value="Zero based"/>
    <property name="line.separator" value="&#10;"/>
    <property name="java.vm.specification.vendor" value="Oracle Corporation"/>
    <property name="java.specification.name" value="Java Platform API Specification"/>
    <property name="surefire.real.class.path" value="/home/jibrilhp/portfolio-jibs/portfolio-flink-feature-engineer/flink-beam-pipeline-to-bq/property-listing-pipeline/target/surefire/surefirebooter-20250704103729597_3.jar"/>
    <property name="sun.management.compiler" value="HotSpot 64-Bit Tiered Compilers"/>
    <property name="java.runtime.version" value="17.0.11+9"/>
    <property name="user.name" value="jibrilhp"/>
    <property name="path.separator" value=":"/>
    <property name="os.version" value="6.11.0-28-generic"/>
    <property name="java.runtime.name" value="OpenJDK Runtime Environment"/>
    <property name="file.encoding" value="UTF-8"/>
    <property name="java.vm.name" value="OpenJDK 64-Bit Server VM"/>
    <property name="java.vendor.version" value="Temurin-17.0.11+9"/>
    <property name="localRepository" value="/home/jibrilhp/.m2/repository"/>
    <property name="java.vendor.url.bug" value="https://github.com/adoptium/adoptium-support/issues"/>
    <property name="java.io.tmpdir" value="/tmp"/>
    <property name="java.version" value="17.0.11"/>
    <property name="user.dir" value="/home/jibrilhp/portfolio-jibs/portfolio-flink-feature-engineer/flink-beam-pipeline-to-bq/property-listing-pipeline"/>
    <property name="os.arch" value="amd64"/>
    <property name="java.vm.specification.name" value="Java Virtual Machine Specification"/>
    <property name="native.encoding" value="UTF-8"/>
    <property name="java.library.path" value="/usr/java/packages/lib:/usr/lib64:/lib64:/lib:/usr/lib"/>
    <property name="java.vm.info" value="mixed mode, sharing"/>
    <property name="java.vendor" value="Eclipse Adoptium"/>
    <property name="java.vm.version" value="17.0.11+9"/>
    <property name="sun.io.unicode.encoding" value="UnicodeLittle"/>
    <property name="java.class.version" value="61.0"/>
  </properties>
  <testcase name="testApp" classname="com.example.beam.AppTest" time="0.001"/>
</testsuite>