<?xml version="1.0" encoding="UTF-8"?>
<testsuite xmlns:xsi="http://www.w3.org/2001/XMLSchema-instance" xsi:noNamespaceSchemaLocation="https://maven.apache.org/surefire/maven-surefire-plugin/xsd/surefire-test-report-3.0.xsd" version="3.0" name="com.flink.poc.AppTest" time="0.046" tests="1" errors="0" skipped="0" failures="0">
  <properties>
    <property name="java.specification.version" value="23"/>
    <property name="sun.jnu.encoding" value="UTF-8"/>
    <property name="java.class.path" value="/home/jibrilhp/portfolio-jibs/portfolio-flink-feature-engineer/flink-property-listings/target/test-classes:/home/jibrilhp/portfolio-jibs/portfolio-flink-feature-engineer/flink-property-listings/target/classes:/home/jibrilhp/.m2/repository/junit/junit/3.8.1/junit-3.8.1.jar:/home/jibrilhp/.m2/repository/org/apache/flink/flink-streaming-java/1.18.0/flink-streaming-java-1.18.0.jar:/home/jibrilhp/.m2/repository/org/apache/flink/flink-core/1.18.0/flink-core-1.18.0.jar:/home/jibrilhp/.m2/repository/org/apache/flink/flink-annotations/1.18.0/flink-annotations-1.18.0.jar:/home/jibrilhp/.m2/repository/org/apache/flink/flink-metrics-core/1.18.0/flink-metrics-core-1.18.0.jar:/home/jibrilhp/.m2/repository/org/apache/flink/flink-shaded-asm-9/9.5-17.0/flink-shaded-asm-9-9.5-17.0.jar:/home/jibrilhp/.m2/repository/org/apache/flink/flink-shaded-jackson/2.14.2-17.0/flink-shaded-jackson-2.14.2-17.0.jar:/home/jibrilhp/.m2/repository/org/apache/commons/commons-lang3/3.12.0/commons-lang3-3.12.0.jar:/home/jibrilhp/.m2/repository/org/apache/commons/commons-text/1.10.0/commons-text-1.10.0.jar:/home/jibrilhp/.m2/repository/com/esotericsoftware/kryo/kryo/2.24.0/kryo-2.24.0.jar:/home/jibrilhp/.m2/repository/com/esotericsoftware/minlog/minlog/1.2/minlog-1.2.jar:/home/jibrilhp/.m2/repository/org/objenesis/objenesis/2.1/objenesis-2.1.jar:/home/jibrilhp/.m2/repository/commons-collections/commons-collections/3.2.2/commons-collections-3.2.2.jar:/home/jibrilhp/.m2/repository/org/apache/commons/commons-compress/1.21/commons-compress-1.21.jar:/home/jibrilhp/.m2/repository/org/apache/flink/flink-file-sink-common/1.18.0/flink-file-sink-common-1.18.0.jar:/home/jibrilhp/.m2/repository/org/apache/flink/flink-runtime/1.18.0/flink-runtime-1.18.0.jar:/home/jibrilhp/.m2/repository/org/apache/flink/flink-rpc-core/1.18.0/flink-rpc-core-1.18.0.jar:/home/jibrilhp/.m2/repository/org/apache/flink/flink-rpc-akka-loader/1.18.0/flink-rpc-akka-loader-1.18.0.jar:/home/jibrilhp/.m2/repository/org/apache/flink/flink-queryable-state-client-java/1.18.0/flink-queryable-state-client-java-1.18.0.jar:/home/jibrilhp/.m2/repository/org/apache/flink/flink-hadoop-fs/1.18.0/flink-hadoop-fs-1.18.0.jar:/home/jibrilhp/.m2/repository/commons-io/commons-io/2.11.0/commons-io-2.11.0.jar:/home/jibrilhp/.m2/repository/org/apache/flink/flink-shaded-netty/4.1.91.Final-17.0/flink-shaded-netty-4.1.91.Final-17.0.jar:/home/jibrilhp/.m2/repository/org/apache/flink/flink-shaded-zookeeper-3/3.7.1-17.0/flink-shaded-zookeeper-3-3.7.1-17.0.jar:/home/jibrilhp/.m2/repository/commons-cli/commons-cli/1.5.0/commons-cli-1.5.0.jar:/home/jibrilhp/.m2/repository/org/javassist/javassist/3.24.0-GA/javassist-3.24.0-GA.jar:/home/jibrilhp/.m2/repository/org/xerial/snappy/snappy-java/1.1.10.4/snappy-java-1.1.10.4.jar:/home/jibrilhp/.m2/repository/org/lz4/lz4-java/1.8.0/lz4-java-1.8.0.jar:/home/jibrilhp/.m2/repository/org/apache/flink/flink-java/1.18.0/flink-java-1.18.0.jar:/home/jibrilhp/.m2/repository/com/twitter/chill-java/0.7.6/chill-java-0.7.6.jar:/home/jibrilhp/.m2/repository/org/apache/flink/flink-shaded-guava/31.1-jre-17.0/flink-shaded-guava-31.1-jre-17.0.jar:/home/jibrilhp/.m2/repository/org/apache/commons/commons-math3/3.6.1/commons-math3-3.6.1.jar:/home/jibrilhp/.m2/repository/org/slf4j/slf4j-api/1.7.36/slf4j-api-1.7.36.jar:/home/jibrilhp/.m2/repository/com/google/code/findbugs/jsr305/1.3.9/jsr305-1.3.9.jar:/home/jibrilhp/.m2/repository/org/apache/flink/flink-connector-kafka/1.17.2/flink-connector-kafka-1.17.2.jar:/home/jibrilhp/.m2/repository/org/apache/flink/flink-connector-base/1.17.2/flink-connector-base-1.17.2.jar:/home/jibrilhp/.m2/repository/org/apache/kafka/kafka-clients/3.2.3/kafka-clients-3.2.3.jar:/home/jibrilhp/.m2/repository/com/github/luben/zstd-jni/1.5.2-1/zstd-jni-1.5.2-1.jar:/home/jibrilhp/.m2/repository/com/fasterxml/jackson/core/jackson-databind/2.15.2/jackson-databind-2.15.2.jar:/home/jibrilhp/.m2/repository/com/fasterxml/jackson/core/jackson-annotations/2.15.2/jackson-annotations-2.15.2.jar:/home/jibrilhp/.m2/repository/com/fasterxml/jackson/core/jackson-core/2.15.2/jackson-core-2.15.2.jar:"/>
    <property name="java.vm.vendor" value="Oracle Corporation"/>
    <property name="sun.arch.data.model" value="64"/>
    <property name="java.vendor.url" value="https://java.oracle.com/"/>
    <property name="os.name" value="Linux"/>
    <property name="java.vm.specification.version" value="23"/>
    <property name="sun.java.launcher" value="SUN_STANDARD"/>
    <property name="user.country" value="US"/>
    <property name="sun.boot.library.path" value="/usr/lib/jvm/jdk-23.0.1/lib"/>
    <property name="sun.java.command" value="/home/jibrilhp/portfolio-jibs/portfolio-flink-feature-engineer/flink-property-listings/target/surefire/surefirebooter-20250628140308760_3.jar /home/jibrilhp/portfolio-jibs/portfolio-flink-feature-engineer/flink-property-listings/target/surefire 2025-06-28T14-03-08_675-jvmRun1 surefire-20250628140308760_1tmp surefire_0-20250628140308760_2tmp"/>
    <property name="jdk.debug" value="release"/>
    <property name="surefire.test.class.path" value="/home/jibrilhp/portfolio-jibs/portfolio-flink-feature-engineer/flink-property-listings/target/test-classes:/home/jibrilhp/portfolio-jibs/portfolio-flink-feature-engineer/flink-property-listings/target/classes:/home/jibrilhp/.m2/repository/junit/junit/3.8.1/junit-3.8.1.jar:/home/jibrilhp/.m2/repository/org/apache/flink/flink-streaming-java/1.18.0/flink-streaming-java-1.18.0.jar:/home/jibrilhp/.m2/repository/org/apache/flink/flink-core/1.18.0/flink-core-1.18.0.jar:/home/jibrilhp/.m2/repository/org/apache/flink/flink-annotations/1.18.0/flink-annotations-1.18.0.jar:/home/jibrilhp/.m2/repository/org/apache/flink/flink-metrics-core/1.18.0/flink-metrics-core-1.18.0.jar:/home/jibrilhp/.m2/repository/org/apache/flink/flink-shaded-asm-9/9.5-17.0/flink-shaded-asm-9-9.5-17.0.jar:/home/jibrilhp/.m2/repository/org/apache/flink/flink-shaded-jackson/2.14.2-17.0/flink-shaded-jackson-2.14.2-17.0.jar:/home/jibrilhp/.m2/repository/org/apache/commons/commons-lang3/3.12.0/commons-lang3-3.12.0.jar:/home/jibrilhp/.m2/repository/org/apache/commons/commons-text/1.10.0/commons-text-1.10.0.jar:/home/jibrilhp/.m2/repository/com/esotericsoftware/kryo/kryo/2.24.0/kryo-2.24.0.jar:/home/jibrilhp/.m2/repository/com/esotericsoftware/minlog/minlog/1.2/minlog-1.2.jar:/home/jibrilhp/.m2/repository/org/objenesis/objenesis/2.1/objenesis-2.1.jar:/home/jibrilhp/.m2/repository/commons-collections/commons-collections/3.2.2/commons-collections-3.2.2.jar:/home/jibrilhp/.m2/repository/org/apache/commons/commons-compress/1.21/commons-compress-1.21.jar:/home/jibrilhp/.m2/repository/org/apache/flink/flink-file-sink-common/1.18.0/flink-file-sink-common-1.18.0.jar:/home/jibrilhp/.m2/repository/org/apache/flink/flink-runtime/1.18.0/flink-runtime-1.18.0.jar:/home/jibrilhp/.m2/repository/org/apache/flink/flink-rpc-core/1.18.0/flink-rpc-core-1.18.0.jar:/home/jibrilhp/.m2/repository/org/apache/flink/flink-rpc-akka-loader/1.18.0/flink-rpc-akka-loader-1.18.0.jar:/home/jibrilhp/.m2/repository/org/apache/flink/flink-queryable-state-client-java/1.18.0/flink-queryable-state-client-java-1.18.0.jar:/home/jibrilhp/.m2/repository/org/apache/flink/flink-hadoop-fs/1.18.0/flink-hadoop-fs-1.18.0.jar:/home/jibrilhp/.m2/repository/commons-io/commons-io/2.11.0/commons-io-2.11.0.jar:/home/jibrilhp/.m2/repository/org/apache/flink/flink-shaded-netty/4.1.91.Final-17.0/flink-shaded-netty-4.1.91.Final-17.0.jar:/home/jibrilhp/.m2/repository/org/apache/flink/flink-shaded-zookeeper-3/3.7.1-17.0/flink-shaded-zookeeper-3-3.7.1-17.0.jar:/home/jibrilhp/.m2/repository/commons-cli/commons-cli/1.5.0/commons-cli-1.5.0.jar:/home/jibrilhp/.m2/repository/org/javassist/javassist/3.24.0-GA/javassist-3.24.0-GA.jar:/home/jibrilhp/.m2/repository/org/xerial/snappy/snappy-java/1.1.10.4/snappy-java-1.1.10.4.jar:/home/jibrilhp/.m2/repository/org/lz4/lz4-java/1.8.0/lz4-java-1.8.0.jar:/home/jibrilhp/.m2/repository/org/apache/flink/flink-java/1.18.0/flink-java-1.18.0.jar:/home/jibrilhp/.m2/repository/com/twitter/chill-java/0.7.6/chill-java-0.7.6.jar:/home/jibrilhp/.m2/repository/org/apache/flink/flink-shaded-guava/31.1-jre-17.0/flink-shaded-guava-31.1-jre-17.0.jar:/home/jibrilhp/.m2/repository/org/apache/commons/commons-math3/3.6.1/commons-math3-3.6.1.jar:/home/jibrilhp/.m2/repository/org/slf4j/slf4j-api/1.7.36/slf4j-api-1.7.36.jar:/home/jibrilhp/.m2/repository/com/google/code/findbugs/jsr305/1.3.9/jsr305-1.3.9.jar:/home/jibrilhp/.m2/repository/org/apache/flink/flink-connector-kafka/1.17.2/flink-connector-kafka-1.17.2.jar:/home/jibrilhp/.m2/repository/org/apache/flink/flink-connector-base/1.17.2/flink-connector-base-1.17.2.jar:/home/jibrilhp/.m2/repository/org/apache/kafka/kafka-clients/3.2.3/kafka-clients-3.2.3.jar:/home/jibrilhp/.m2/repository/com/github/luben/zstd-jni/1.5.2-1/zstd-jni-1.5.2-1.jar:/home/jibrilhp/.m2/repository/com/fasterxml/jackson/core/jackson-databind/2.15.2/jackson-databind-2.15.2.jar:/home/jibrilhp/.m2/repository/com/fasterxml/jackson/core/jackson-annotations/2.15.2/jackson-annotations-2.15.2.jar:/home/jibrilhp/.m2/repository/com/fasterxml/jackson/core/jackson-core/2.15.2/jackson-core-2.15.2.jar:"/>
    <property name="sun.cpu.endian" value="little"/>
    <property name="user.home" value="/home/jibrilhp"/>
    <property name="user.language" value="en"/>
    <property name="java.specification.vendor" value="Oracle Corporation"/>
    <property name="java.version.date" value="2024-10-15"/>
    <property name="java.home" value="/usr/lib/jvm/jdk-23.0.1"/>
    <property name="file.separator" value="/"/>
    <property name="basedir" value="/home/jibrilhp/portfolio-jibs/portfolio-flink-feature-engineer/flink-property-listings"/>
    <property name="java.vm.compressedOopsMode" value="Zero based"/>
    <property name="line.separator" value="&#10;"/>
    <property name="java.specification.name" value="Java Platform API Specification"/>
    <property name="java.vm.specification.vendor" value="Oracle Corporation"/>
    <property name="surefire.real.class.path" value="/home/jibrilhp/portfolio-jibs/portfolio-flink-feature-engineer/flink-property-listings/target/surefire/surefirebooter-20250628140308760_3.jar"/>
    <property name="sun.management.compiler" value="HotSpot 64-Bit Tiered Compilers"/>
    <property name="java.runtime.version" value="23.0.1+11-39"/>
    <property name="user.name" value="jibrilhp"/>
    <property name="stdout.encoding" value="UTF-8"/>
    <property name="path.separator" value=":"/>
    <property name="os.version" value="6.11.0-26-generic"/>
    <property name="java.runtime.name" value="Java(TM) SE Runtime Environment"/>
    <property name="file.encoding" value="UTF-8"/>
    <property name="java.vm.name" value="Java HotSpot(TM) 64-Bit Server VM"/>
    <property name="localRepository" value="/home/jibrilhp/.m2/repository"/>
    <property name="java.vendor.url.bug" value="https://bugreport.java.com/bugreport/"/>
    <property name="java.io.tmpdir" value="/tmp"/>
    <property name="java.version" value="23.0.1"/>
    <property name="user.dir" value="/home/jibrilhp/portfolio-jibs/portfolio-flink-feature-engineer/flink-property-listings"/>
    <property name="os.arch" value="amd64"/>
    <property name="java.vm.specification.name" value="Java Virtual Machine Specification"/>
    <property name="native.encoding" value="UTF-8"/>
    <property name="java.library.path" value="/usr/java/packages/lib:/usr/lib64:/lib64:/lib:/usr/lib"/>
    <property name="java.vm.info" value="mixed mode, sharing"/>
    <property name="stderr.encoding" value="UTF-8"/>
    <property name="java.vendor" value="Oracle Corporation"/>
    <property name="java.vm.version" value="23.0.1+11-39"/>
    <property name="sun.io.unicode.encoding" value="UnicodeLittle"/>
    <property name="java.class.version" value="67.0"/>
  </properties>
  <testcase name="testApp" classname="com.flink.poc.AppTest" time="0.003"/>
</testsuite>